# JRE version: OpenJDK Runtime Environment (11.0.12+7) (build 11.0.12+7-b1504.28-7817840)
# Java VM: OpenJDK 64-Bit Server VM (11.0.12+7-b1504.28-7817840, mixed mode, tiered, compressed oops, g1 gc, windows-amd64)
Heap:
 garbage-first heap   total 431104K, used 151288K [0x0000000700000000, 0x0000000800000000)
  region size 1024K, 3 young (3072K), 3 survivors (3072K)
 Metaspace       used 109180K, capacity 111985K, committed 112560K, reserved 1146880K
  class space    used 13883K, capacity 14960K, committed 15200K, reserved 1048576K
GC Heap History (20 events):
Event: 280.575 GC heap after
{Heap after GC invocations=119 (full 0):
 garbage-first heap   total 227328K, used 148787K [0x0000000700000000, 0x0000000800000000)
  region size 1024K, 3 young (3072K), 3 survivors (3072K)
 Metaspace       used 107927K, capacity 110666K, committed 111280K, reserved 1144832K
  class space    used 13816K, capacity 14877K, committed 15200K, reserved 1048576K
}
Event: 280.726 GC heap before
{Heap before GC invocations=120 (full 0):
 garbage-first heap   total 227328K, used 190771K [0x0000000700000000, 0x0000000800000000)
  region size 1024K, 44 young (45056K), 3 survivors (3072K)
 Metaspace       used 108076K, capacity 110797K, committed 111536K, reserved 1146880K
  class space    used 13818K, capacity 14877K, committed 15200K, reserved 1048576K
}
Event: 280.733 GC heap after
{Heap after GC invocations=121 (full 0):
 garbage-first heap   total 227328K, used 150225K [0x0000000700000000, 0x0000000800000000)
  region size 1024K, 4 young (4096K), 4 survivors (4096K)
 Metaspace       used 108076K, capacity 110797K, committed 111536K, reserved 1146880K
  class space    used 13818K, capacity 14877K, committed 15200K, reserved 1048576K
}
Event: 280.853 GC heap before
{Heap before GC invocations=121 (full 0):
 garbage-first heap   total 227328K, used 193233K [0x0000000700000000, 0x0000000800000000)
  region size 1024K, 46 young (47104K), 4 survivors (4096K)
 Metaspace       used 108217K, capacity 110965K, committed 111536K, reserved 1146880K
  class space    used 13831K, capacity 14891K, committed 15200K, reserved 1048576K
}
Event: 280.861 GC heap after
{Heap after GC invocations=122 (full 0):
 garbage-first heap   total 227328K, used 149853K [0x0000000700000000, 0x0000000800000000)
  region size 1024K, 3 young (3072K), 3 survivors (3072K)
 Metaspace       used 108217K, capacity 110965K, committed 111536K, reserved 1146880K
  class space    used 13831K, capacity 14891K, committed 15200K, reserved 1048576K
}
Event: 281.014 GC heap before
{Heap before GC invocations=122 (full 0):
 garbage-first heap   total 227328K, used 193885K [0x0000000700000000, 0x0000000800000000)
  region size 1024K, 46 young (47104K), 3 survivors (3072K)
 Metaspace       used 108359K, capacity 111122K, committed 111792K, reserved 1146880K
  class space    used 13835K, capacity 14897K, committed 15200K, reserved 1048576K
}
Event: 281.020 GC heap after
{Heap after GC invocations=123 (full 0):
 garbage-first heap   total 227328K, used 149288K [0x0000000700000000, 0x0000000800000000)
  region size 1024K, 3 young (3072K), 3 survivors (3072K)
 Metaspace       used 108359K, capacity 111122K, committed 111792K, reserved 1146880K
  class space    used 13835K, capacity 14897K, committed 15200K, reserved 1048576K
}
Event: 281.159 GC heap before
{Heap before GC invocations=123 (full 0):
 garbage-first heap   total 227328K, used 194344K [0x0000000700000000, 0x0000000800000000)
  region size 1024K, 47 young (48128K), 3 survivors (3072K)
 Metaspace       used 108486K, capacity 111266K, committed 111792K, reserved 1146880K
  class space    used 13838K, capacity 14901K, committed 15200K, reserved 1048576K
}
Event: 281.164 GC heap after
{Heap after GC invocations=124 (full 0):
 garbage-first heap   total 227328K, used 149470K [0x0000000700000000, 0x0000000800000000)
  region size 1024K, 3 young (3072K), 3 survivors (3072K)
 Metaspace       used 108486K, capacity 111266K, committed 111792K, reserved 1146880K
  class space    used 13838K, capacity 14901K, committed 15200K, reserved 1048576K
}
Event: 281.350 GC heap before
{Heap before GC invocations=124 (full 0):
 garbage-first heap   total 227328K, used 195550K [0x0000000700000000, 0x0000000800000000)
  region size 1024K, 48 young (49152K), 3 survivors (3072K)
 Metaspace       used 108652K, capacity 111408K, committed 112048K, reserved 1146880K
  class space    used 13840K, capacity 14901K, committed 15200K, reserved 1048576K
}
Event: 281.357 GC heap after
{Heap after GC invocations=125 (full 0):
 garbage-first heap   total 227328K, used 149975K [0x0000000700000000, 0x0000000800000000)
  region size 1024K, 3 young (3072K), 3 survivors (3072K)
 Metaspace       used 108652K, capacity 111408K, committed 112048K, reserved 1146880K
  class space    used 13840K, capacity 14901K, committed 15200K, reserved 1048576K
}
Event: 281.492 GC heap before
{Heap before GC invocations=126 (full 0):
 garbage-first heap   total 227328K, used 197079K [0x0000000700000000, 0x0000000800000000)
  region size 1024K, 49 young (50176K), 3 survivors (3072K)
 Metaspace       used 108768K, capacity 111571K, committed 112048K, reserved 1146880K
  class space    used 13846K, capacity 14933K, committed 15200K, reserved 1048576K
}
Event: 281.502 GC heap after
{Heap after GC invocations=127 (full 0):
 garbage-first heap   total 301056K, used 149864K [0x0000000700000000, 0x0000000800000000)
  region size 1024K, 3 young (3072K), 3 survivors (3072K)
 Metaspace       used 108768K, capacity 111571K, committed 112048K, reserved 1146880K
  class space    used 13846K, capacity 14933K, committed 15200K, reserved 1048576K
}
Event: 281.565 GC heap before
{Heap before GC invocations=127 (full 0):
 garbage-first heap   total 301056K, used 161128K [0x0000000700000000, 0x0000000800000000)
  region size 1024K, 14 young (14336K), 3 survivors (3072K)
 Metaspace       used 108789K, capacity 111574K, committed 112048K, reserved 1146880K
  class space    used 13847K, capacity 14933K, committed 15200K, reserved 1048576K
}
Event: 281.574 GC heap after
{Heap after GC invocations=128 (full 0):
 garbage-first heap   total 301056K, used 150047K [0x0000000700000000, 0x0000000800000000)
  region size 1024K, 2 young (2048K), 2 survivors (2048K)
 Metaspace       used 108789K, capacity 111574K, committed 112048K, reserved 1146880K
  class space    used 13847K, capacity 14933K, committed 15200K, reserved 1048576K
}
Event: 281.832 GC heap before
{Heap before GC invocations=128 (full 0):
 garbage-first heap   total 301056K, used 238111K [0x0000000700000000, 0x0000000800000000)
  region size 1024K, 88 young (90112K), 2 survivors (2048K)
 Metaspace       used 108948K, capacity 111745K, committed 112304K, reserved 1146880K
  class space    used 13861K, capacity 14946K, committed 15200K, reserved 1048576K
}
Event: 281.838 GC heap after
{Heap after GC invocations=129 (full 0):
 garbage-first heap   total 301056K, used 150298K [0x0000000700000000, 0x0000000800000000)
  region size 1024K, 2 young (2048K), 2 survivors (2048K)
 Metaspace       used 108948K, capacity 111745K, committed 112304K, reserved 1146880K
  class space    used 13861K, capacity 14946K, committed 15200K, reserved 1048576K
}
Event: 282.081 GC heap before
{Heap before GC invocations=129 (full 0):
 garbage-first heap   total 301056K, used 250650K [0x0000000700000000, 0x0000000800000000)
  region size 1024K, 100 young (102400K), 2 survivors (2048K)
 Metaspace       used 109070K, capacity 111857K, committed 112304K, reserved 1146880K
  class space    used 13872K, capacity 14960K, committed 15200K, reserved 1048576K
}
Event: 282.086 GC heap after
{Heap after GC invocations=130 (full 0):
 garbage-first heap   total 301056K, used 151121K [0x0000000700000000, 0x0000000800000000)
  region size 1024K, 3 young (3072K), 3 survivors (3072K)
 Metaspace       used 109070K, capacity 111857K, committed 112304K, reserved 1146880K
  class space    used 13872K, capacity 14960K, committed 15200K, reserved 1048576K
}
Event: 282.327 GC heap before
{Heap before GC invocations=130 (full 0):
 garbage-first heap   total 301056K, used 251473K [0x0000000700000000, 0x0000000800000000)
  region size 1024K, 101 young (103424K), 3 survivors (3072K)
 Metaspace       used 109180K, capacity 111985K, committed 112560K, reserved 1146880K
  class space    used 13883K, capacity 14960K, committed 15200K, reserved 1048576K
}

