# JRE version: OpenJDK Runtime Environment (11.0.12+7) (build 11.0.12+7-b1504.28-7817840)
# Java VM: OpenJDK 64-Bit Server VM (11.0.12+7-b1504.28-7817840, mixed mode, tiered, compressed oops, g1 gc, windows-amd64)
Heap:
 garbage-first heap   total 131072K, used 17363K [0x0000000700000000, 0x0000000800000000)
  region size 1024K, 1 young (1024K), 1 survivors (1024K)
 Metaspace       used 21063K, capacity 21478K, committed 21680K, reserved 1077248K
  class space    used 2572K, capacity 2714K, committed 2816K, reserved 1048576K
GC Heap History (8 events):
Event: 2.156 GC heap before
{Heap before GC invocations=0 (full 0):
 garbage-first heap   total 131072K, used 29696K [0x0000000700000000, 0x0000000800000000)
  region size 1024K, 24 young (24576K), 0 survivors (0K)
 Metaspace       used 10143K, capacity 10403K, committed 10624K, reserved 1058816K
  class space    used 1059K, capacity 1106K, committed 1152K, reserved 1048576K
}
Event: 2.176 GC heap after
{Heap after GC invocations=1 (full 0):
 garbage-first heap   total 131072K, used 9645K [0x0000000700000000, 0x0000000800000000)
  region size 1024K, 3 young (3072K), 3 survivors (3072K)
 Metaspace       used 10143K, capacity 10403K, committed 10624K, reserved 1058816K
  class space    used 1059K, capacity 1106K, committed 1152K, reserved 1048576K
}
Event: 33.345 GC heap before
{Heap before GC invocations=1 (full 0):
 garbage-first heap   total 131072K, used 84397K [0x0000000700000000, 0x0000000800000000)
  region size 1024K, 76 young (77824K), 3 survivors (3072K)
 Metaspace       used 17732K, capacity 18214K, committed 18432K, reserved 1064960K
  class space    used 2089K, capacity 2245K, committed 2304K, reserved 1048576K
}
Event: 33.404 GC heap after
{Heap after GC invocations=2 (full 0):
 garbage-first heap   total 131072K, used 16467K [0x0000000700000000, 0x0000000800000000)
  region size 1024K, 10 young (10240K), 10 survivors (10240K)
 Metaspace       used 17732K, capacity 18214K, committed 18432K, reserved 1064960K
  class space    used 2089K, capacity 2245K, committed 2304K, reserved 1048576K
}
Event: 44.991 GC heap before
{Heap before GC invocations=2 (full 0):
 garbage-first heap   total 131072K, used 44115K [0x0000000700000000, 0x0000000800000000)
  region size 1024K, 38 young (38912K), 10 survivors (10240K)
 Metaspace       used 20724K, capacity 21184K, committed 21296K, reserved 1069056K
  class space    used 2526K, capacity 2680K, committed 2688K, reserved 1048576K
}
Event: 45.351 GC heap after
{Heap after GC invocations=3 (full 0):
 garbage-first heap   total 131072K, used 17548K [0x0000000700000000, 0x0000000800000000)
  region size 1024K, 2 young (2048K), 2 survivors (2048K)
 Metaspace       used 20724K, capacity 21184K, committed 21296K, reserved 1069056K
  class space    used 2526K, capacity 2680K, committed 2688K, reserved 1048576K
}
Event: 46.058 GC heap before
{Heap before GC invocations=4 (full 0):
 garbage-first heap   total 131072K, used 20620K [0x0000000700000000, 0x0000000800000000)
  region size 1024K, 6 young (6144K), 2 survivors (2048K)
 Metaspace       used 21063K, capacity 21478K, committed 21680K, reserved 1075200K
  class space    used 2572K, capacity 2714K, committed 2816K, reserved 1048576K
}
Event: 46.088 GC heap after
{Heap after GC invocations=5 (full 0):
 garbage-first heap   total 131072K, used 17363K [0x0000000700000000, 0x0000000800000000)
  region size 1024K, 1 young (1024K), 1 survivors (1024K)
 Metaspace       used 21063K, capacity 21478K, committed 21680K, reserved 1075200K
  class space    used 2572K, capacity 2714K, committed 2816K, reserved 1048576K
}

