# JRE version: OpenJDK Runtime Environment (11.0.12+7) (build 11.0.12+7-b1504.28-7817840)
# Java VM: OpenJDK 64-Bit Server VM (11.0.12+7-b1504.28-7817840, mixed mode, tiered, compressed oops, g1 gc, windows-amd64)
Heap:
 garbage-first heap   total 131072K, used 18870K [0x0000000700000000, 0x0000000800000000)
  region size 1024K, 4 young (4096K), 1 survivors (1024K)
 Metaspace       used 20972K, capacity 21477K, committed 21680K, reserved 1069056K
  class space    used 2564K, capacity 2714K, committed 2816K, reserved 1048576K
GC Heap History (8 events):
Event: 30.377 GC heap before
{Heap before GC invocations=0 (full 0):
 garbage-first heap   total 131072K, used 29696K [0x0000000700000000, 0x0000000800000000)
  region size 1024K, 24 young (24576K), 0 survivors (0K)
 Metaspace       used 10142K, capacity 10403K, committed 10624K, reserved 1058816K
  class space    used 1058K, capacity 1106K, committed 1152K, reserved 1048576K
}
Event: 30.391 GC heap after
{Heap after GC invocations=1 (full 0):
 garbage-first heap   total 131072K, used 9294K [0x0000000700000000, 0x0000000800000000)
  region size 1024K, 3 young (3072K), 3 survivors (3072K)
 Metaspace       used 10142K, capacity 10403K, committed 10624K, reserved 1058816K
  class space    used 1058K, capacity 1106K, committed 1152K, reserved 1048576K
}
Event: 75.009 GC heap before
{Heap before GC invocations=1 (full 0):
 garbage-first heap   total 131072K, used 84046K [0x0000000700000000, 0x0000000800000000)
  region size 1024K, 76 young (77824K), 3 survivors (3072K)
 Metaspace       used 17740K, capacity 18150K, committed 18432K, reserved 1064960K
  class space    used 2092K, capacity 2245K, committed 2304K, reserved 1048576K
}
Event: 75.532 GC heap after
{Heap after GC invocations=2 (full 0):
 garbage-first heap   total 131072K, used 16327K [0x0000000700000000, 0x0000000800000000)
  region size 1024K, 10 young (10240K), 10 survivors (10240K)
 Metaspace       used 17740K, capacity 18150K, committed 18432K, reserved 1064960K
  class space    used 2092K, capacity 2245K, committed 2304K, reserved 1048576K
}
Event: 84.420 GC heap before
{Heap before GC invocations=2 (full 0):
 garbage-first heap   total 131072K, used 38855K [0x0000000700000000, 0x0000000800000000)
  region size 1024K, 32 young (32768K), 10 survivors (10240K)
 Metaspace       used 20130K, capacity 20539K, committed 20864K, reserved 1067008K
  class space    used 2447K, capacity 2572K, committed 2688K, reserved 1048576K
}
Event: 84.433 GC heap after
{Heap after GC invocations=3 (full 0):
 garbage-first heap   total 131072K, used 16660K [0x0000000700000000, 0x0000000800000000)
  region size 1024K, 1 young (1024K), 1 survivors (1024K)
 Metaspace       used 20130K, capacity 20539K, committed 20864K, reserved 1067008K
  class space    used 2447K, capacity 2572K, committed 2688K, reserved 1048576K
}
Event: 86.615 GC heap before
{Heap before GC invocations=3 (full 0):
 garbage-first heap   total 131072K, used 21780K [0x0000000700000000, 0x0000000800000000)
  region size 1024K, 7 young (7168K), 1 survivors (1024K)
 Metaspace       used 20721K, capacity 21183K, committed 21296K, reserved 1069056K
  class space    used 2530K, capacity 2680K, committed 2688K, reserved 1048576K
}
Event: 86.622 GC heap after
{Heap after GC invocations=4 (full 0):
 garbage-first heap   total 131072K, used 16822K [0x0000000700000000, 0x0000000800000000)
  region size 1024K, 1 young (1024K), 1 survivors (1024K)
 Metaspace       used 20721K, capacity 21183K, committed 21296K, reserved 1069056K
  class space    used 2530K, capacity 2680K, committed 2688K, reserved 1048576K
}

