# JRE version: OpenJDK Runtime Environment (11.0.12+7) (build 11.0.12+7-b1504.28-7817840)
# Java VM: OpenJDK 64-Bit Server VM (11.0.12+7-b1504.28-7817840, mixed mode, tiered, compressed oops, g1 gc, windows-amd64)
Heap:
 garbage-first heap   total 131072K, used 20023K [0x0000000700000000, 0x0000000800000000)
  region size 1024K, 5 young (5120K), 2 survivors (2048K)
 Metaspace       used 21012K, capacity 21475K, committed 21680K, reserved 1069056K
  class space    used 2568K, capacity 2714K, committed 2816K, reserved 1048576K
GC Heap History (6 events):
Event: 6.753 GC heap before
{Heap before GC invocations=0 (full 0):
 garbage-first heap   total 131072K, used 29696K [0x0000000700000000, 0x0000000800000000)
  region size 1024K, 24 young (24576K), 0 survivors (0K)
 Metaspace       used 10150K, capacity 10403K, committed 10624K, reserved 1058816K
  class space    used 1059K, capacity 1106K, committed 1152K, reserved 1048576K
}
Event: 6.767 GC heap after
{Heap after GC invocations=1 (full 0):
 garbage-first heap   total 131072K, used 9721K [0x0000000700000000, 0x0000000800000000)
  region size 1024K, 3 young (3072K), 3 survivors (3072K)
 Metaspace       used 10150K, capacity 10403K, committed 10624K, reserved 1058816K
  class space    used 1059K, capacity 1106K, committed 1152K, reserved 1048576K
}
Event: 13.132 GC heap before
{Heap before GC invocations=1 (full 0):
 garbage-first heap   total 131072K, used 84473K [0x0000000700000000, 0x0000000800000000)
  region size 1024K, 76 young (77824K), 3 survivors (3072K)
 Metaspace       used 17702K, capacity 18150K, committed 18432K, reserved 1064960K
  class space    used 2091K, capacity 2245K, committed 2304K, reserved 1048576K
}
Event: 13.547 GC heap after
{Heap after GC invocations=2 (full 0):
 garbage-first heap   total 131072K, used 16656K [0x0000000700000000, 0x0000000800000000)
  region size 1024K, 10 young (10240K), 10 survivors (10240K)
 Metaspace       used 17702K, capacity 18150K, committed 18432K, reserved 1064960K
  class space    used 2091K, capacity 2245K, committed 2304K, reserved 1048576K
}
Event: 24.547 GC heap before
{Heap before GC invocations=2 (full 0):
 garbage-first heap   total 131072K, used 43280K [0x0000000700000000, 0x0000000800000000)
  region size 1024K, 37 young (37888K), 10 survivors (10240K)
 Metaspace       used 20719K, capacity 21180K, committed 21296K, reserved 1069056K
  class space    used 2527K, capacity 2680K, committed 2688K, reserved 1048576K
}
Event: 24.906 GC heap after
{Heap after GC invocations=3 (full 0):
 garbage-first heap   total 131072K, used 17975K [0x0000000700000000, 0x0000000800000000)
  region size 1024K, 2 young (2048K), 2 survivors (2048K)
 Metaspace       used 20719K, capacity 21180K, committed 21296K, reserved 1069056K
  class space    used 2527K, capacity 2680K, committed 2688K, reserved 1048576K
}

