# JRE version: OpenJDK Runtime Environment (11.0.12+7) (build 11.0.12+7-b1504.28-7817840)
# Java VM: OpenJDK 64-Bit Server VM (11.0.12+7-b1504.28-7817840, mixed mode, tiered, compressed oops, g1 gc, windows-amd64)
Heap:
 garbage-first heap   total 131072K, used 19406K [0x0000000700000000, 0x0000000800000000)
  region size 1024K, 5 young (5120K), 2 survivors (2048K)
 Metaspace       used 20987K, capacity 21477K, committed 21680K, reserved 1069056K
  class space    used 2563K, capacity 2714K, committed 2816K, reserved 1048576K
GC Heap History (6 events):
Event: 3.145 GC heap before
{Heap before GC invocations=0 (full 0):
 garbage-first heap   total 131072K, used 29696K [0x0000000700000000, 0x0000000800000000)
  region size 1024K, 24 young (24576K), 0 survivors (0K)
 Metaspace       used 10157K, capacity 10403K, committed 10624K, reserved 1058816K
  class space    used 1058K, capacity 1106K, committed 1152K, reserved 1048576K
}
Event: 3.152 GC heap after
{Heap after GC invocations=1 (full 0):
 garbage-first heap   total 131072K, used 9557K [0x0000000700000000, 0x0000000800000000)
  region size 1024K, 3 young (3072K), 3 survivors (3072K)
 Metaspace       used 10157K, capacity 10403K, committed 10624K, reserved 1058816K
  class space    used 1058K, capacity 1106K, committed 1152K, reserved 1048576K
}
Event: 39.629 GC heap before
{Heap before GC invocations=1 (full 0):
 garbage-first heap   total 131072K, used 84309K [0x0000000700000000, 0x0000000800000000)
  region size 1024K, 76 young (77824K), 3 survivors (3072K)
 Metaspace       used 17745K, capacity 18214K, committed 18432K, reserved 1064960K
  class space    used 2091K, capacity 2245K, committed 2304K, reserved 1048576K
}
Event: 40.149 GC heap after
{Heap after GC invocations=2 (full 0):
 garbage-first heap   total 131072K, used 16396K [0x0000000700000000, 0x0000000800000000)
  region size 1024K, 10 young (10240K), 10 survivors (10240K)
 Metaspace       used 17745K, capacity 18214K, committed 18432K, reserved 1064960K
  class space    used 2091K, capacity 2245K, committed 2304K, reserved 1048576K
}
Event: 51.210 GC heap before
{Heap before GC invocations=2 (full 0):
 garbage-first heap   total 131072K, used 44044K [0x0000000700000000, 0x0000000800000000)
  region size 1024K, 38 young (38912K), 10 survivors (10240K)
 Metaspace       used 20727K, capacity 21183K, committed 21296K, reserved 1069056K
  class space    used 2526K, capacity 2680K, committed 2688K, reserved 1048576K
}
Event: 51.225 GC heap after
{Heap after GC invocations=3 (full 0):
 garbage-first heap   total 131072K, used 17358K [0x0000000700000000, 0x0000000800000000)
  region size 1024K, 2 young (2048K), 2 survivors (2048K)
 Metaspace       used 20727K, capacity 21183K, committed 21296K, reserved 1069056K
  class space    used 2526K, capacity 2680K, committed 2688K, reserved 1048576K
}

